# JRE version: OpenJDK Runtime Environment (8.0) (build 1.8.0-adoptopenjdk-_2018_05_19_00_59-b00)
# Java VM: OpenJDK 64-Bit Server VM (25.71-b00 mixed mode windows-amd64 compressed oops)
Heap:
 PSYoungGen      total 76288K, used 62816K [0x000000076af00000, 0x0000000770400000, 0x00000007c0000000)
  eden space 65536K, 95% used [0x000000076af00000,0x000000076ec582d0,0x000000076ef00000)
  from space 10752K, 0% used [0x000000076ef00000,0x000000076ef00000,0x000000076f980000)
  to   space 10752K, 0% used [0x000000076f980000,0x000000076f980000,0x0000000770400000)
 ParOldGen       total 118272K, used 2370K [0x00000006c0c00000, 0x00000006c7f80000, 0x000000076af00000)
  object space 118272K, 2% used [0x00000006c0c00000,0x00000006c0e50a48,0x00000006c7f80000)
 Metaspace       used 17257K, capacity 17706K, committed 18048K, reserved 1069056K
  class space    used 1963K, capacity 2077K, committed 2176K, reserved 1048576K
GC Heap History (4 events):
Event: 0.503 GC heap before
{Heap before GC invocations=1 (full 0):
 PSYoungGen      total 76288K, used 17049K [0x000000076af00000, 0x0000000770400000, 0x00000007c0000000)
  eden space 65536K, 26% used [0x000000076af00000,0x000000076bfa64c0,0x000000076ef00000)
  from space 10752K, 0% used [0x000000076f980000,0x000000076f980000,0x0000000770400000)
  to   space 10752K, 0% used [0x000000076ef00000,0x000000076ef00000,0x000000076f980000)
 ParOldGen       total 175104K, used 0K [0x00000006c0c00000, 0x00000006cb700000, 0x000000076af00000)
  object space 175104K, 0% used [0x00000006c0c00000,0x00000006c0c00000,0x00000006cb700000)
 Metaspace       used 8272K, capacity 8462K, committed 8576K, reserved 1062912K
  class space    used 1007K, capacity 1095K, committed 1152K, reserved 1048576K
Event: 0.508 GC heap after
Heap after GC invocations=1 (full 0):
 PSYoungGen      total 76288K, used 2691K [0x000000076af00000, 0x0000000770400000, 0x00000007c0000000)
  eden space 65536K, 0% used [0x000000076af00000,0x000000076af00000,0x000000076ef00000)
  from space 10752K, 25% used [0x000000076ef00000,0x000000076f1a0e98,0x000000076f980000)
  to   space 10752K, 0% used [0x000000076f980000,0x000000076f980000,0x0000000770400000)
 ParOldGen       total 175104K, used 16K [0x00000006c0c00000, 0x00000006cb700000, 0x000000076af00000)
  object space 175104K, 0% used [0x00000006c0c00000,0x00000006c0c04000,0x00000006cb700000)
 Metaspace       used 8272K, capacity 8462K, committed 8576K, reserved 1062912K
  class space    used 1007K, capacity 1095K, committed 1152K, reserved 1048576K
}
Event: 0.508 GC heap before
{Heap before GC invocations=2 (full 1):
 PSYoungGen      total 76288K, used 2691K [0x000000076af00000, 0x0000000770400000, 0x00000007c0000000)
  eden space 65536K, 0% used [0x000000076af00000,0x000000076af00000,0x000000076ef00000)
  from space 10752K, 25% used [0x000000076ef00000,0x000000076f1a0e98,0x000000076f980000)
  to   space 10752K, 0% used [0x000000076f980000,0x000000076f980000,0x0000000770400000)
 ParOldGen       total 175104K, used 16K [0x00000006c0c00000, 0x00000006cb700000, 0x000000076af00000)
  object space 175104K, 0% used [0x00000006c0c00000,0x00000006c0c04000,0x00000006cb700000)
 Metaspace       used 8272K, capacity 8462K, committed 8576K, reserved 1062912K
  class space    used 1007K, capacity 1095K, committed 1152K, reserved 1048576K
Event: 0.517 GC heap after
Heap after GC invocations=2 (full 1):
 PSYoungGen      total 76288K, used 0K [0x000000076af00000, 0x0000000770400000, 0x00000007c0000000)
  eden space 65536K, 0% used [0x000000076af00000,0x000000076af00000,0x000000076ef00000)
  from space 10752K, 0% used [0x000000076ef00000,0x000000076ef00000,0x000000076f980000)
  to   space 10752K, 0% used [0x000000076f980000,0x000000076f980000,0x0000000770400000)
 ParOldGen       total 118272K, used 2370K [0x00000006c0c00000, 0x00000006c7f80000, 0x000000076af00000)
  object space 118272K, 2% used [0x00000006c0c00000,0x00000006c0e50a48,0x00000006c7f80000)
 Metaspace       used 8272K, capacity 8462K, committed 8576K, reserved 1060864K
  class space    used 1007K, capacity 1095K, committed 1152K, reserved 1048576K
}

